<?xml version="1.0" encoding="UTF-8"?>
<!-- Generated by org.testng.reporters.JUnitXMLReporter -->
<testsuite ignored="0" hostname="DESKTOP-RHOKNN5" failures="0" tests="3" name="Default test" time="0.097" errors="0" timestamp="2022-09-15T12:37:41 IST">
  <testcase classname="colTests.SampleTest$AddToCartTest" name="addToCartTest" time="0.012"/>
  <testcase classname="colTests.SampleTest$AddToCartTest" name="deleteCartTest" time="0.002"/>
  <testcase classname="colTests.SampleTest$AddToCartTest" name="removeFromTheCartTest" time="0.002"/>
</testsuite> <!-- Default test -->
