<?xml version="1.0" encoding="UTF-8"?>
<testng-results ignored="0" total="1" passed="1" failed="0" skipped="0">
  <reporter-output>
  </reporter-output>
  <suite started-at="2022-09-13T15:16:17 IST" name="Default suite" finished-at="2022-09-13T15:16:18 IST" duration-ms="82">
    <groups>
    </groups>
    <test started-at="2022-09-13T15:16:17 IST" name="Default test" finished-at="2022-09-13T15:16:18 IST" duration-ms="82">
      <class name="colTests.SampleTest$AddToCartTest">
        <test-method signature="addToCartTest()[pri:0, instance:colTests.SampleTest$AddToCartTest@49dc7102]" started-at="2022-09-13T15:16:17 IST" name="addToCartTest" finished-at="2022-09-13T15:16:17 IST" duration-ms="15" status="PASS">
          <reporter-output>
          </reporter-output>
        </test-method> <!-- addToCartTest -->
      </class> <!-- colTests.SampleTest$AddToCartTest -->
    </test> <!-- Default test -->
  </suite> <!-- Default suite -->
</testng-results>
