<?xml version="1.0" encoding="UTF-8"?>
<testng-results ignored="0" total="3" passed="3" failed="0" skipped="0">
  <reporter-output>
  </reporter-output>
  <suite started-at="2022-09-15T12:37:41 IST" name="Default suite" finished-at="2022-09-15T12:37:41 IST" duration-ms="97">
    <groups>
    </groups>
    <test started-at="2022-09-15T12:37:41 IST" name="Default test" finished-at="2022-09-15T12:37:41 IST" duration-ms="97">
      <class name="colTests.SampleTest$AddToCartTest">
        <test-method signature="addToCartTest()[pri:0, instance:colTests.SampleTest$AddToCartTest@68c72235]" started-at="2022-09-15T12:37:41 IST" name="addToCartTest" finished-at="2022-09-15T12:37:41 IST" duration-ms="12" status="PASS">
          <reporter-output>
          </reporter-output>
        </test-method> <!-- addToCartTest -->
        <test-method signature="deleteCartTest()[pri:0, instance:colTests.SampleTest$AddToCartTest@68c72235]" started-at="2022-09-15T12:37:41 IST" name="deleteCartTest" finished-at="2022-09-15T12:37:41 IST" duration-ms="2" status="PASS">
          <reporter-output>
          </reporter-output>
        </test-method> <!-- deleteCartTest -->
        <test-method signature="removeFromTheCartTest()[pri:0, instance:colTests.SampleTest$AddToCartTest@68c72235]" started-at="2022-09-15T12:37:41 IST" name="removeFromTheCartTest" finished-at="2022-09-15T12:37:41 IST" duration-ms="2" status="PASS">
          <reporter-output>
          </reporter-output>
        </test-method> <!-- removeFromTheCartTest -->
      </class> <!-- colTests.SampleTest$AddToCartTest -->
    </test> <!-- Default test -->
  </suite> <!-- Default suite -->
</testng-results>
